<?xml version="1.0" encoding="UTF-8"?>
<!-- Generated by org.testng.reporters.JUnitReportReporter -->
<testsuite hostname="hp" name="ActualTests.AdvancedsearchTest" tests="2" failures="0" timestamp="18 Apr 2019 14:38:06 GMT" time="28.013" errors="0">
  <testcase name="Advancedsearch" time="17.582" classname="ActualTests.AdvancedsearchTest"/>
  <testcase name="helplink" time="10.431" classname="ActualTests.AdvancedsearchTest"/>
</testsuite> <!-- ActualTests.AdvancedsearchTest -->
