<?xml version="1.0" encoding="UTF-8"?>
<!-- Generated by org.testng.reporters.JUnitReportReporter -->
<testsuite hostname="hp" name="PhpTravels.PhpTravelsAutomation.AppTest" tests="1" failures="0" timestamp="18 Apr 2019 14:38:06 GMT" time="0.004" errors="0">
  <testcase name="testApp" time="0.004" classname="PhpTravels.PhpTravelsAutomation.AppTest"/>
</testsuite> <!-- PhpTravels.PhpTravelsAutomation.AppTest -->
