<?xml version="1.0" encoding="UTF-8"?>
<!-- Generated by org.testng.reporters.JUnitReportReporter -->
<testsuite hostname="hp" name="ActualTests.AdvancedsearchTest" tests="2" failures="0" timestamp="23 Apr 2019 16:34:17 GMT" time="57.757" errors="0">
  <testcase name="helplink" time="10.427" classname="ActualTests.AdvancedsearchTest"/>
  <testcase name="Advancedsearch" time="47.330" classname="ActualTests.AdvancedsearchTest"/>
</testsuite> <!-- ActualTests.AdvancedsearchTest -->
