<?xml version="1.0" encoding="UTF-8"?>
<!-- Generated by org.testng.reporters.JUnitReportReporter -->
<testsuite hostname="hp" name="ActualTests.myaccountTest" tests="1" failures="0" timestamp="21 Apr 2019 08:10:41 GMT" time="51.787" errors="0">
  <testcase name="MyaccountAlllinksverification" time="51.787" classname="ActualTests.myaccountTest"/>
</testsuite> <!-- ActualTests.myaccountTest -->
