<?xml version="1.0" encoding="UTF-8"?>
<!-- Generated by org.testng.reporters.JUnitReportReporter -->
<testsuite hostname="hp" name="ActualTests.Authentication" tests="7" failures="0" timestamp="8 Apr 2019 13:52:06 GMT" time="111.201" errors="0">
  <testcase name="Invalidlogin3" time="2.721" classname="ActualTests.Authentication"/>
  <testcase name="Postivelogin" time="12.192" classname="ActualTests.Authentication"/>
  <testcase name="Invaliglogin4" time="1.977" classname="ActualTests.Authentication"/>
  <testcase name="forgotpasswordtest2" time="3.178" classname="ActualTests.Authentication"/>
  <testcase name="Invalidlogin2" time="3.261" classname="ActualTests.Authentication"/>
  <testcase name="forgotpasswordtest1" time="3.468" classname="ActualTests.Authentication"/>
  <testcase name="InvalidLogin" time="84.404" classname="ActualTests.Authentication"/>
</testsuite> <!-- ActualTests.Authentication -->
