<?xml version="1.0" encoding="UTF-8"?>
<!-- Generated by org.testng.reporters.JUnitReportReporter -->
<testsuite hostname="hp" name="ActualTests.myaccountTest" tests="1" failures="0" timestamp="7 May 2019 17:49:33 GMT" time="13.408" errors="0">
  <testcase name="newsSubscription" time="13.408" classname="ActualTests.myaccountTest"/>
</testsuite> <!-- ActualTests.myaccountTest -->
