<?xml version="1.0" encoding="UTF-8"?>
<!-- Generated by org.testng.reporters.JUnitReportReporter -->
<testsuite hostname="hp" name="ActualTests.advancedsearch" tests="2" failures="0" timestamp="8 Apr 2019 17:54:08 GMT" time="67.176" errors="0">
  <testcase name="helplink" time="10.268" classname="ActualTests.advancedsearch"/>
  <testcase name="Advancedsearch" time="56.908" classname="ActualTests.advancedsearch"/>
</testsuite> <!-- ActualTests.advancedsearch -->
