<?xml version="1.0" encoding="UTF-8"?>
<!-- Generated by org.testng.reporters.JUnitReportReporter -->
<testsuite hostname="hp" name="ActualTests.AuthenticationTest" tests="7" failures="0" timestamp="21 Apr 2019 08:10:41 GMT" time="64.928" errors="0">
  <testcase name="forgotpasswordtest1" time="7.331" classname="ActualTests.AuthenticationTest"/>
  <testcase name="InvalidLogin" time="16.477" classname="ActualTests.AuthenticationTest"/>
  <testcase name="forgotpasswordtest2" time="6.953" classname="ActualTests.AuthenticationTest"/>
  <testcase name="Invalidlogin2" time="3.453" classname="ActualTests.AuthenticationTest"/>
  <testcase name="Invalidlogin3" time="12.862" classname="ActualTests.AuthenticationTest"/>
  <testcase name="Postivelogin" time="12.560" classname="ActualTests.AuthenticationTest"/>
  <testcase name="Invaliglogin4" time="5.292" classname="ActualTests.AuthenticationTest"/>
</testsuite> <!-- ActualTests.AuthenticationTest -->
