<?xml version="1.0" encoding="UTF-8"?>
<!-- Generated by org.testng.reporters.JUnitReportReporter -->
<testsuite hostname="hp" name="ActualTests.BookingTest" tests="1" failures="0" timestamp="9 May 2019 17:54:09 GMT" time="24.426" errors="0">
  <testcase name="withoutPaymenterror" time="24.426" classname="ActualTests.BookingTest"/>
</testsuite> <!-- ActualTests.BookingTest -->
