<?xml version="1.0" encoding="UTF-8"?>
<!-- Generated by org.testng.reporters.JUnitReportReporter -->
<testsuite hostname="hp" name="ActualTests.verificationTest" tests="2" failures="0" timestamp="4 May 2019 10:11:38 GMT" time="39.176" errors="0">
  <testcase name="FirstLinkVerification" time="37.413" classname="ActualTests.verificationTest"/>
  <testcase name="SecondLinkVerification" time="1.763" classname="ActualTests.verificationTest"/>
</testsuite> <!-- ActualTests.verificationTest -->
