<?xml version="1.0" encoding="UTF-8"?>
<!-- Generated by org.testng.reporters.JUnitReportReporter -->
<testsuite hostname="hp" name="ActualTests.BookingTest" tests="1" failures="0" timestamp="21 Apr 2019 08:10:41 GMT" time="47.870" errors="0">
  <testcase name="Ordering" time="47.870" classname="ActualTests.BookingTest"/>
</testsuite> <!-- ActualTests.BookingTest -->
