<?xml version="1.0" encoding="UTF-8"?>
<!-- Generated by org.testng.reporters.JUnitReportReporter -->
<testsuite hostname="hp" name="ActualTests.AuthenticationTest" tests="7" failures="0" timestamp="11 May 2019 11:48:15 GMT" time="40.305" errors="0">
  <testcase name="Invalidlogin3" time="5.074" classname="ActualTests.AuthenticationTest"/>
  <testcase name="Postivelogin" time="4.867" classname="ActualTests.AuthenticationTest"/>
  <testcase name="Invaliglogin4" time="2.587" classname="ActualTests.AuthenticationTest"/>
  <testcase name="forgotpasswordtest2" time="5.062" classname="ActualTests.AuthenticationTest"/>
  <testcase name="Invalidlogin2" time="2.805" classname="ActualTests.AuthenticationTest"/>
  <testcase name="forgotpasswordtest1" time="7.562" classname="ActualTests.AuthenticationTest"/>
  <testcase name="InvalidLogin" time="12.348" classname="ActualTests.AuthenticationTest"/>
</testsuite> <!-- ActualTests.AuthenticationTest -->
